<?xml version="1.0" encoding="UTF-8"?>
<testng-results skipped="0" failed="0" ignored="0" total="1" passed="1">
  <reporter-output>
  </reporter-output>
  <suite name="Suite" duration-ms="33626" started-at="2022-07-13T19:05:16 GST" finished-at="2022-07-13T19:05:50 GST">
    <groups>
    </groups>
    <test name="Test" duration-ms="33626" started-at="2022-07-13T19:05:16 GST" finished-at="2022-07-13T19:05:50 GST">
      <class name="testng.LivLogingTestingAndroid">
        <test-method status="PASS" signature="beforeSuite()[pri:0, instance:testng.LivLogingTestingAndroid@6385cb26]" name="beforeSuite" is-config="true" duration-ms="7650" started-at="2022-07-13T19:05:09 GST" finished-at="2022-07-13T19:05:16 GST">
          <reporter-output>
          </reporter-output>
        </test-method> <!-- beforeSuite -->
        <test-method status="PASS" signature="beforeTest()[pri:0, instance:testng.LivLogingTestingAndroid@6385cb26]" name="beforeTest" is-config="true" duration-ms="4" started-at="2022-07-13T19:05:16 GST" finished-at="2022-07-13T19:05:16 GST">
          <reporter-output>
          </reporter-output>
        </test-method> <!-- beforeTest -->
        <test-method status="PASS" signature="beforeClass()[pri:0, instance:testng.LivLogingTestingAndroid@6385cb26]" name="beforeClass" is-config="true" duration-ms="1" started-at="2022-07-13T19:05:16 GST" finished-at="2022-07-13T19:05:16 GST">
          <reporter-output>
          </reporter-output>
        </test-method> <!-- beforeClass -->
        <test-method status="PASS" signature="validlogin()[pri:0, instance:testng.LivLogingTestingAndroid@6385cb26]" name="validlogin" duration-ms="33147" started-at="2022-07-13T19:05:16 GST" finished-at="2022-07-13T19:05:49 GST">
          <reporter-output>
          </reporter-output>
        </test-method> <!-- validlogin -->
        <test-method status="PASS" signature="afterClass()[pri:0, instance:testng.LivLogingTestingAndroid@6385cb26]" name="afterClass" is-config="true" duration-ms="3" started-at="2022-07-13T19:05:49 GST" finished-at="2022-07-13T19:05:49 GST">
          <reporter-output>
          </reporter-output>
        </test-method> <!-- afterClass -->
        <test-method status="PASS" signature="afterTest()[pri:0, instance:testng.LivLogingTestingAndroid@6385cb26]" name="afterTest" is-config="true" duration-ms="372" started-at="2022-07-13T19:05:49 GST" finished-at="2022-07-13T19:05:50 GST">
          <reporter-output>
          </reporter-output>
        </test-method> <!-- afterTest -->
        <test-method status="PASS" signature="afterSuite()[pri:0, instance:testng.LivLogingTestingAndroid@6385cb26]" name="afterSuite" is-config="true" duration-ms="13" started-at="2022-07-13T19:05:51 GST" finished-at="2022-07-13T19:05:51 GST">
          <reporter-output>
          </reporter-output>
        </test-method> <!-- afterSuite -->
      </class> <!-- testng.LivLogingTestingAndroid -->
    </test> <!-- Test -->
  </suite> <!-- Suite -->
</testng-results>
